{"name":"1621643710","hostname":"DESKTOP-GB9TSOC","pid":11812,"level":20,"msg":"Sync server version: 1.2.4 2020-09-14 17:52:19 -0500 0aa4a9d288d4ecef4183f4fafe59fb95da7ae967","time":"2021-05-22T00:35:10.134Z","v":0}
{"name":"1621643710","hostname":"DESKTOP-GB9TSOC","pid":11812,"level":30,"msg":"Acquiring actors for session 1621643710: WEB","time":"2021-05-22T00:35:10.138Z","v":0}
{"name":"1621643710","hostname":"DESKTOP-GB9TSOC","pid":11812,"level":30,"msg":"Session 1621643710 with label \"null\" started at 2021-05-22 00:35:10 UTC","time":"2021-05-22T00:35:10.141Z","v":0}
{"name":"1621643710","hostname":"DESKTOP-GB9TSOC","pid":11812,"level":30,"actorType":"WEB","actorId":"30648","time":"2021-05-22T00:35:14.0938632Z","msg":"Actor 30648 of type WEB was acquired by test session 1621643710","v":0}
{"name":"1621643710","hostname":"DESKTOP-GB9TSOC","pid":11812,"level":20,"actorType":"WEB","actorId":"30648","time":"2021-05-22T00:35:14.1008776Z","msg":"DEBUG: Test actor JAR versions:","v":0}
{"name":"1621643710","hostname":"DESKTOP-GB9TSOC","pid":11812,"level":20,"actorType":"WEB","actorId":"30648","time":"2021-05-22T00:35:14.1048328Z","msg":"DEBUG:   opentest-appium-0.0.1.jar: 2020-09-14 17:52 -0500 0.0.1-0aa4a9d288d4ecef4183f4fafe59fb95da7ae967","v":0}
{"name":"1621643710","hostname":"DESKTOP-GB9TSOC","pid":11812,"level":20,"actorType":"WEB","actorId":"30648","time":"2021-05-22T00:35:14.1058321Z","msg":"DEBUG:   opentest-base-0.0.1.jar: 2020-09-14 17:52 -0500 0.0.1-0aa4a9d288d4ecef4183f4fafe59fb95da7ae967","v":0}
{"name":"1621643710","hostname":"DESKTOP-GB9TSOC","pid":11812,"level":20,"actorType":"WEB","actorId":"30648","time":"2021-05-22T00:35:14.1058321Z","msg":"DEBUG:   opentest-selenium-0.0.1.jar: 2020-09-14 17:52 -0500 0.0.1-0aa4a9d288d4ecef4183f4fafe59fb95da7ae967","v":0}
{"name":"1621643710","hostname":"DESKTOP-GB9TSOC","pid":11812,"level":40,"actorType":"WEB","actorId":"30648","time":"2021-05-22T00:35:14.1068712Z","msg":"WARN: Failed to log extension JARs","v":0}
{"name":"1621643710","hostname":"DESKTOP-GB9TSOC","pid":11812,"level":30,"actorType":"WEB","actorId":"30648","time":"2021-05-22T00:35:14.1932681Z","msg":"==================== WEB: Teste 1 ====================","v":0}
{"name":"1621643710","hostname":"DESKTOP-GB9TSOC","pid":11812,"level":30,"actorType":"WEB","actorId":"30648","time":"2021-05-22T00:35:14.1932681Z","msg":"Actor WEB started executing test Teste 1...","v":0}
{"name":"1621643710","hostname":"DESKTOP-GB9TSOC","pid":11812,"level":30,"actorType":"WEB","actorId":"30648","time":"2021-05-22T00:35:14.2231891Z","msg":"Executing segment 1 of test /Teste 1...","v":0}
{"name":"1621643710","hostname":"DESKTOP-GB9TSOC","pid":11812,"level":30,"actorType":"WEB","actorId":"30648","time":"2021-05-22T00:35:14.2241862Z","msg":"Evaluating action 1/1 (org.getopentest.actions.HttpRequest) in segment 1 (Call the GET /repos/:owner/:repo/branches API)...","v":0}
{"name":"1621643710","hostname":"DESKTOP-GB9TSOC","pid":11812,"level":10,"actorType":"WEB","actorId":"30648","time":"2021-05-22T00:35:14.2281747Z","msg":"TRACE: Initializing action org.getopentest.actions.HttpRequest...","v":0}
{"name":"1621643710","hostname":"DESKTOP-GB9TSOC","pid":11812,"level":30,"actorType":"WEB","actorId":"30648","time":"2021-05-22T00:35:14.2311673Z","msg":"Executing action org.getopentest.actions.HttpRequest with arguments {\"verb\":\"GET\",\"url\":\"https://localhost:5001/api/categorias\",\"$localData\":{\"branches\":\"$output.body;\"}}...","v":0}
{"name":"1621643710","hostname":"DESKTOP-GB9TSOC","pid":11812,"level":50,"actorType":"WEB","actorId":"30648","time":"2021-05-22T00:35:18.3742305Z","msg":"ERROR: java.lang.Exception: Failed executing test /Teste 1, segment 1\r\n\tat org.getopentest.base.TestActor.executeTestSegment(TestActor.java:2165)\r\n\tat org.getopentest.base.TestActor.runOneSession(TestActor.java:2981)\r\n\tat org.getopentest.base.TestActor.runOneSession(TestActor.java:3017)\r\n\tat org.getopentest.Main.main(Main.java:20)\r\nCaused by: java.lang.RuntimeException: There was an error while executing action no. 1 (org.getopentest.actions.HttpRequest) in segment 1 of test /Teste 1.\nThe action definition was:\n{\n  \"action\": \"org.getopentest.actions.HttpRequest\",\n  \"args\": {\n    \"url\": \"https://localhost:5001/api/categorias\",\n    \"verb\": \"GET\",\n    \"$localData\": {\n      \"branches\": \"$output.body;\"\n    }\n  },\n  \"description\": \"Call the GET /repos/:owner/:repo/branches API\"\n}\r\n\tat org.getopentest.base.TestActor.executeTestSegment(TestActor.java:2123)\r\n\t... 3 more\r\nCaused by: java.lang.RuntimeException: Failed executing action org.getopentest.actions.HttpRequest with arguments {\"verb\":\"GET\",\"url\":\"https://localhost:5001/api/categorias\",\"$localData\":{\"branches\":\"$output.body;\"}}\r\n\tat org.getopentest.base.TestActor.executeActionByDef(TestActor.java:1821)\r\n\tat org.getopentest.base.TestActor.executeTestSegment(TestActor.java:2073)\r\n\t... 3 more\r\nCaused by: java.lang.RuntimeException: java.lang.RuntimeException: HTTP request failed\r\n\tat org.getopentest.base.TestActor.executeActionByClassName(TestActor.java:1626)\r\n\tat org.getopentest.base.TestActor.executeActionByDef(TestActor.java:1705)\r\n\t... 4 more\r\nCaused by: java.lang.RuntimeException: HTTP request failed\r\n\tat org.getopentest.actions.HttpRequest.run(HttpRequest.java:131)\r\n\tat org.getopentest.base.TestActor.executeAction(TestActor.java:1527)\r\n\tat org.getopentest.base.TestActor.executeActionByClassName(TestActor.java:1603)\r\n\t... 5 more\r\nCaused by: org.apache.http.conn.HttpHostConnectException: Connect to localhost:5001 [localhost/127.0.0.1, localhost/0:0:0:0:0:0:0:1] failed: Connection refused: connect\r\n\tat org.apache.http.impl.conn.DefaultHttpClientConnectionOperator.connect(DefaultHttpClientConnectionOperator.java:159)\r\n\tat org.apache.http.impl.conn.PoolingHttpClientConnectionManager.connect(PoolingHttpClientConnectionManager.java:359)\r\n\tat org.apache.http.impl.execchain.MainClientExec.establishRoute(MainClientExec.java:381)\r\n\tat org.apache.http.impl.execchain.MainClientExec.execute(MainClientExec.java:237)\r\n\tat org.apache.http.impl.execchain.ProtocolExec.execute(ProtocolExec.java:185)\r\n\tat org.apache.http.impl.execchain.RetryExec.execute(RetryExec.java:89)\r\n\tat org.apache.http.impl.client.InternalHttpClient.doExecute(InternalHttpClient.java:185)\r\n\tat org.apache.http.impl.client.CloseableHttpClient.execute(CloseableHttpClient.java:83)\r\n\tat org.apache.http.impl.client.CloseableHttpClient.execute(CloseableHttpClient.java:108)\r\n\tat org.getopentest.http.HttpRequest.execute(HttpRequest.java:126)\r\n\tat org.getopentest.actions.HttpRequest.run(HttpRequest.java:121)\r\n\t... 7 more\r\nCaused by: java.net.ConnectException: Connection refused: connect\r\n\tat java.base/java.net.PlainSocketImpl.connect0(Native Method)\r\n\tat java.base/java.net.PlainSocketImpl.socketConnect(PlainSocketImpl.java:101)\r\n\tat java.base/java.net.AbstractPlainSocketImpl.doConnect(AbstractPlainSocketImpl.java:399)\r\n\tat java.base/java.net.AbstractPlainSocketImpl.connectToAddress(AbstractPlainSocketImpl.java:242)\r\n\tat java.base/java.net.AbstractPlainSocketImpl.connect(AbstractPlainSocketImpl.java:224)\r\n\tat java.base/java.net.SocksSocketImpl.connect(SocksSocketImpl.java:392)\r\n\tat java.base/java.net.Socket.connect(Socket.java:608)\r\n\tat org.apache.http.conn.ssl.SSLConnectionSocketFactory.connectSocket(SSLConnectionSocketFactory.java:339)\r\n\tat org.apache.http.impl.conn.DefaultHttpClientConnectionOperator.connect(DefaultHttpClientConnectionOperator.java:142)\r\n\t... 17 more\r\n","v":0}
{"name":"1621643710","hostname":"DESKTOP-GB9TSOC","pid":11812,"level":30,"actorType":"WEB","actorId":"30648","time":"2021-05-22T00:35:18.8830226Z","msg":"Test session has completed","v":0}
{"name":"1621643710","hostname":"DESKTOP-GB9TSOC","pid":11812,"level":10,"actorType":"WEB","actorId":"30648","time":"2021-05-22T00:35:18.8830226Z","msg":"TRACE: Firing TEST_COMPLETED event...","v":0}
{"name":"1621643710","hostname":"DESKTOP-GB9TSOC","pid":11812,"level":10,"actorType":"WEB","actorId":"30648","time":"2021-05-22T00:35:18.885018Z","msg":"TRACE: Firing SESSION_COMPLETED event...","v":0}
{"name":"1621643710","hostname":"DESKTOP-GB9TSOC","pid":11812,"level":30,"actorType":"WEB","actorId":"30648","time":"2021-05-22T00:35:18.885018Z","msg":"Actor 30648 of type WEB with no tags is waiting to be acquired by a test session...","v":0}
{"name":"1621643710","hostname":"DESKTOP-GB9TSOC","pid":11812,"level":10,"actorType":"WEB","actorId":"30648","time":"2021-05-22T00:36:24.0613366Z","msg":"TRACE: Initializing test session information in the \"announce\" method...","v":0}
{"name":"1621643710","hostname":"DESKTOP-GB9TSOC","pid":11812,"level":10,"actorType":"WEB","actorId":"30648","time":"2021-05-22T00:36:24.0633323Z","msg":"TRACE: Session ID in sync server response was 1621643782; actor session ID was null","v":0}
