{"name":"1621643809","hostname":"DESKTOP-GB9TSOC","pid":11812,"level":20,"msg":"Sync server version: 1.2.4 2020-09-14 17:52:19 -0500 0aa4a9d288d4ecef4183f4fafe59fb95da7ae967","time":"2021-05-22T00:36:49.444Z","v":0}
{"name":"1621643809","hostname":"DESKTOP-GB9TSOC","pid":11812,"level":30,"msg":"Acquiring actors for session 1621643809: WEB","time":"2021-05-22T00:36:49.447Z","v":0}
{"name":"1621643809","hostname":"DESKTOP-GB9TSOC","pid":11812,"level":30,"msg":"Session 1621643809 with label \"null\" started at 2021-05-22 00:36:49 UTC","time":"2021-05-22T00:36:49.450Z","v":0}
{"name":"1621643809","hostname":"DESKTOP-GB9TSOC","pid":11812,"level":30,"actorType":"WEB","actorId":"30648","time":"2021-05-22T00:36:54.618174Z","msg":"Actor 30648 of type WEB was acquired by test session 1621643809","v":0}
{"name":"1621643809","hostname":"DESKTOP-GB9TSOC","pid":11812,"level":20,"actorType":"WEB","actorId":"30648","time":"2021-05-22T00:36:54.6351262Z","msg":"DEBUG: Test actor JAR versions:","v":0}
{"name":"1621643809","hostname":"DESKTOP-GB9TSOC","pid":11812,"level":20,"actorType":"WEB","actorId":"30648","time":"2021-05-22T00:36:54.6361371Z","msg":"DEBUG:   opentest-appium-0.0.1.jar: 2020-09-14 17:52 -0500 0.0.1-0aa4a9d288d4ecef4183f4fafe59fb95da7ae967","v":0}
{"name":"1621643809","hostname":"DESKTOP-GB9TSOC","pid":11812,"level":20,"actorType":"WEB","actorId":"30648","time":"2021-05-22T00:36:54.637085Z","msg":"DEBUG:   opentest-base-0.0.1.jar: 2020-09-14 17:52 -0500 0.0.1-0aa4a9d288d4ecef4183f4fafe59fb95da7ae967","v":0}
{"name":"1621643809","hostname":"DESKTOP-GB9TSOC","pid":11812,"level":20,"actorType":"WEB","actorId":"30648","time":"2021-05-22T00:36:54.6380777Z","msg":"DEBUG:   opentest-selenium-0.0.1.jar: 2020-09-14 17:52 -0500 0.0.1-0aa4a9d288d4ecef4183f4fafe59fb95da7ae967","v":0}
{"name":"1621643809","hostname":"DESKTOP-GB9TSOC","pid":11812,"level":40,"actorType":"WEB","actorId":"30648","time":"2021-05-22T00:36:54.639075Z","msg":"WARN: Failed to log extension JARs","v":0}
{"name":"1621643809","hostname":"DESKTOP-GB9TSOC","pid":11812,"level":30,"actorType":"WEB","actorId":"30648","time":"2021-05-22T00:36:54.6855715Z","msg":"==================== WEB: Teste 1 ====================","v":0}
{"name":"1621643809","hostname":"DESKTOP-GB9TSOC","pid":11812,"level":30,"actorType":"WEB","actorId":"30648","time":"2021-05-22T00:36:54.6865687Z","msg":"Actor WEB started executing test Teste 1...","v":0}
{"name":"1621643809","hostname":"DESKTOP-GB9TSOC","pid":11812,"level":30,"actorType":"WEB","actorId":"30648","time":"2021-05-22T00:36:54.7075138Z","msg":"Executing segment 1 of test /Teste 1...","v":0}
{"name":"1621643809","hostname":"DESKTOP-GB9TSOC","pid":11812,"level":30,"actorType":"WEB","actorId":"30648","time":"2021-05-22T00:36:54.7085108Z","msg":"Evaluating action 1/1 (org.getopentest.actions.HttpRequest) in segment 1 (Call the GET /repos/:owner/:repo/branches API)...","v":0}
{"name":"1621643809","hostname":"DESKTOP-GB9TSOC","pid":11812,"level":10,"actorType":"WEB","actorId":"30648","time":"2021-05-22T00:36:54.7115037Z","msg":"TRACE: Initializing action org.getopentest.actions.HttpRequest...","v":0}
{"name":"1621643809","hostname":"DESKTOP-GB9TSOC","pid":11812,"level":30,"actorType":"WEB","actorId":"30648","time":"2021-05-22T00:36:54.7125071Z","msg":"Executing action org.getopentest.actions.HttpRequest with arguments {\"verb\":\"GET\",\"url\":\"https://localhost:5001/api/categorias\"}...","v":0}
{"name":"1621643809","hostname":"DESKTOP-GB9TSOC","pid":11812,"level":50,"actorType":"WEB","actorId":"30648","time":"2021-05-22T00:36:54.7789206Z","msg":"ERROR: java.lang.Exception: Failed executing test /Teste 1, segment 1\r\n\tat org.getopentest.base.TestActor.executeTestSegment(TestActor.java:2165)\r\n\tat org.getopentest.base.TestActor.runOneSession(TestActor.java:2981)\r\n\tat org.getopentest.base.TestActor.runOneSession(TestActor.java:3017)\r\n\tat org.getopentest.Main.main(Main.java:20)\r\nCaused by: java.lang.RuntimeException: There was an error while executing action no. 1 (org.getopentest.actions.HttpRequest) in segment 1 of test /Teste 1.\nThe action definition was:\n{\n  \"action\": \"org.getopentest.actions.HttpRequest\",\n  \"args\": {\n    \"url\": \"https://localhost:5001/api/categorias\",\n    \"verb\": \"GET\"\n  },\n  \"description\": \"Call the GET /repos/:owner/:repo/branches API\"\n}\r\n\tat org.getopentest.base.TestActor.executeTestSegment(TestActor.java:2123)\r\n\t... 3 more\r\nCaused by: java.lang.RuntimeException: Failed executing action org.getopentest.actions.HttpRequest with arguments {\"verb\":\"GET\",\"url\":\"https://localhost:5001/api/categorias\"}\r\n\tat org.getopentest.base.TestActor.executeActionByDef(TestActor.java:1821)\r\n\tat org.getopentest.base.TestActor.executeTestSegment(TestActor.java:2073)\r\n\t... 3 more\r\nCaused by: java.lang.RuntimeException: java.lang.RuntimeException: An SSL error occured. If the HTTPS service you are calling uses a self-signed certificate, you can provide the \"ignoreCert\" argument to instruct the HttpRequest action to skip certificate validation. The syntax is: \"ignoreCert: true\".\r\n\tat org.getopentest.base.TestActor.executeActionByClassName(TestActor.java:1626)\r\n\tat org.getopentest.base.TestActor.executeActionByDef(TestActor.java:1705)\r\n\t... 4 more\r\nCaused by: java.lang.RuntimeException: An SSL error occured. If the HTTPS service you are calling uses a self-signed certificate, you can provide the \"ignoreCert\" argument to instruct the HttpRequest action to skip certificate validation. The syntax is: \"ignoreCert: true\".\r\n\tat org.getopentest.actions.HttpRequest.run(HttpRequest.java:125)\r\n\tat org.getopentest.base.TestActor.executeAction(TestActor.java:1527)\r\n\tat org.getopentest.base.TestActor.executeActionByClassName(TestActor.java:1603)\r\n\t... 5 more\r\nCaused by: javax.net.ssl.SSLHandshakeException: PKIX path building failed: sun.security.provider.certpath.SunCertPathBuilderException: unable to find valid certification path to requested target\r\n\tat java.base/sun.security.ssl.Alert.createSSLException(Alert.java:131)\r\n\tat java.base/sun.security.ssl.TransportContext.fatal(TransportContext.java:369)\r\n\tat java.base/sun.security.ssl.TransportContext.fatal(TransportContext.java:312)\r\n\tat java.base/sun.security.ssl.TransportContext.fatal(TransportContext.java:307)\r\n\tat java.base/sun.security.ssl.CertificateMessage$T12CertificateConsumer.checkServerCerts(CertificateMessage.java:654)\r\n\tat java.base/sun.security.ssl.CertificateMessage$T12CertificateConsumer.onCertificate(CertificateMessage.java:473)\r\n\tat java.base/sun.security.ssl.CertificateMessage$T12CertificateConsumer.consume(CertificateMessage.java:369)\r\n\tat java.base/sun.security.ssl.SSLHandshake.consume(SSLHandshake.java:392)\r\n\tat java.base/sun.security.ssl.HandshakeContext.dispatch(HandshakeContext.java:478)\r\n\tat java.base/sun.security.ssl.HandshakeContext.dispatch(HandshakeContext.java:456)\r\n\tat java.base/sun.security.ssl.TransportContext.dispatch(TransportContext.java:199)\r\n\tat java.base/sun.security.ssl.SSLTransport.decode(SSLTransport.java:171)\r\n\tat java.base/sun.security.ssl.SSLSocketImpl.decode(SSLSocketImpl.java:1369)\r\n\tat java.base/sun.security.ssl.SSLSocketImpl.readHandshakeRecord(SSLSocketImpl.java:1278)\r\n\tat java.base/sun.security.ssl.SSLSocketImpl.startHandshake(SSLSocketImpl.java:401)\r\n\tat java.base/sun.security.ssl.SSLSocketImpl.startHandshake(SSLSocketImpl.java:373)\r\n\tat org.apache.http.conn.ssl.SSLConnectionSocketFactory.createLayeredSocket(SSLConnectionSocketFactory.java:396)\r\n\tat org.apache.http.conn.ssl.SSLConnectionSocketFactory.connectSocket(SSLConnectionSocketFactory.java:355)\r\n\tat org.apache.http.impl.conn.DefaultHttpClientConnectionOperator.connect(DefaultHttpClientConnectionOperator.java:142)\r\n\tat org.apache.http.impl.conn.PoolingHttpClientConnectionManager.connect(PoolingHttpClientConnectionManager.java:359)\r\n\tat org.apache.http.impl.execchain.MainClientExec.establishRoute(MainClientExec.java:381)\r\n\tat org.apache.http.impl.execchain.MainClientExec.execute(MainClientExec.java:237)\r\n\tat org.apache.http.impl.execchain.ProtocolExec.execute(ProtocolExec.java:185)\r\n\tat org.apache.http.impl.execchain.RetryExec.execute(RetryExec.java:89)\r\n\tat org.apache.http.impl.client.InternalHttpClient.doExecute(InternalHttpClient.java:185)\r\n\tat org.apache.http.impl.client.CloseableHttpClient.execute(CloseableHttpClient.java:83)\r\n\tat org.apache.http.impl.client.CloseableHttpClient.execute(CloseableHttpClient.java:108)\r\n\tat org.getopentest.http.HttpRequest.execute(HttpRequest.java:126)\r\n\tat org.getopentest.actions.HttpRequest.run(HttpRequest.java:121)\r\n\t... 7 more\r\nCaused by: sun.security.validator.ValidatorException: PKIX path building failed: sun.security.provider.certpath.SunCertPathBuilderException: unable to find valid certification path to requested target\r\n\tat java.base/sun.security.validator.PKIXValidator.doBuild(PKIXValidator.java:439)\r\n\tat java.base/sun.security.validator.PKIXValidator.engineValidate(PKIXValidator.java:306)\r\n\tat java.base/sun.security.validator.Validator.validate(Validator.java:264)\r\n\tat java.base/sun.security.ssl.X509TrustManagerImpl.validate(X509TrustManagerImpl.java:313)\r\n\tat java.base/sun.security.ssl.X509TrustManagerImpl.checkTrusted(X509TrustManagerImpl.java:222)\r\n\tat java.base/sun.security.ssl.X509TrustManagerImpl.checkServerTrusted(X509TrustManagerImpl.java:129)\r\n\tat java.base/sun.security.ssl.CertificateMessage$T12CertificateConsumer.checkServerCerts(CertificateMessage.java:638)\r\n\t... 31 more\r\nCaused by: sun.security.provider.certpath.SunCertPathBuilderException: unable to find valid certification path to requested target\r\n\tat java.base/sun.security.provider.certpath.SunCertPathBuilder.build(SunCertPathBuilder.java:141)\r\n\tat java.base/sun.security.provider.certpath.SunCertPathBuilder.engineBuild(SunCertPathBuilder.java:126)\r\n\tat java.base/java.security.cert.CertPathBuilder.build(CertPathBuilder.java:297)\r\n\tat java.base/sun.security.validator.PKIXValidator.doBuild(PKIXValidator.java:434)\r\n\t... 37 more\r\n","v":0}
{"name":"1621643809","hostname":"DESKTOP-GB9TSOC","pid":11812,"level":30,"actorType":"WEB","actorId":"30648","time":"2021-05-22T00:36:55.3055863Z","msg":"Test session has completed","v":0}
{"name":"1621643809","hostname":"DESKTOP-GB9TSOC","pid":11812,"level":10,"actorType":"WEB","actorId":"30648","time":"2021-05-22T00:36:55.3065866Z","msg":"TRACE: Firing TEST_COMPLETED event...","v":0}
{"name":"1621643809","hostname":"DESKTOP-GB9TSOC","pid":11812,"level":10,"actorType":"WEB","actorId":"30648","time":"2021-05-22T00:36:55.3065866Z","msg":"TRACE: Firing SESSION_COMPLETED event...","v":0}
{"name":"1621643809","hostname":"DESKTOP-GB9TSOC","pid":11812,"level":30,"actorType":"WEB","actorId":"30648","time":"2021-05-22T00:36:55.3075826Z","msg":"Actor 30648 of type WEB with no tags is waiting to be acquired by a test session...","v":0}
{"name":"1621643809","hostname":"DESKTOP-GB9TSOC","pid":11812,"level":10,"actorType":"WEB","actorId":"30648","time":"2021-05-22T00:38:59.5177539Z","msg":"TRACE: Initializing test session information in the \"announce\" method...","v":0}
{"name":"1621643809","hostname":"DESKTOP-GB9TSOC","pid":11812,"level":10,"actorType":"WEB","actorId":"30648","time":"2021-05-22T00:38:59.5187662Z","msg":"TRACE: Session ID in sync server response was 1621643938; actor session ID was null","v":0}
